#
# There is insufficient memory for the Java Runtime Environment to continue.
# Native memory allocation (mmap) failed to map 268435456 bytes for G1 virtual space
# Possible reasons:
#   The system is out of physical RAM or swap space
#   The process is running with CompressedOops enabled, and the Java Heap may be blocking the growth of the native heap
# Possible solutions:
#   Reduce memory load on the system
#   Increase physical memory or swap space
#   Check if swap backing store is full
#   Decrease Java heap size (-Xmx/-Xms)
#   Decrease number of Java threads
#   Decrease Java thread stack sizes (-Xss)
#   Set larger code cache with -XX:ReservedCodeCacheSize=
#   JVM is running with Zero Based Compressed Oops mode in which the Java heap is
#     placed in the first 32GB address space. The Java Heap base address is the
#     maximum limit for the native heap growth. Please use -XX:HeapBaseMinAddress
#     to set the Java Heap base and to place the Java Heap above 32GB virtual address.
# This output file may be truncated or incomplete.
#
#  Out of Memory Error (os_windows.cpp:3532), pid=25052, tid=10364
#
# JRE version:  (17.0.2+8) (build )
# Java VM: Java HotSpot(TM) 64-Bit Server VM (17.0.2+8-LTS-86, mixed mode, sharing, tiered, compressed oops, compressed class ptrs, g1 gc, windows-amd64)
# No core dump will be written. Minidumps are not enabled by default on client versions of Windows
#

---------------  S U M M A R Y ------------

Command Line: C:\Users\VIBIND~1\AppData\Local\Temp\surefire14444992100215130353\surefirebooter761183857632346159.jar C:\Users\Vibin Dominic\AppData\Local\Temp\surefire14444992100215130353 2022-02-21T01-15-59_614-jvmRun1 surefire14780209740200122537tmp surefire_013383456297878344413tmp

Host: Intel(R) Core(TM) i7-7700HQ CPU @ 2.80GHz, 8 cores, 15G,  Windows 10 , 64 bit Build 19041 (10.0.19041.1503)
Time: Mon Feb 21 01:15:59 2022 Eastern Standard Time elapsed time: 0.011511 seconds (0d 0h 0m 0s)

---------------  T H R E A D  ---------------

Current thread (0x0000020557440450):  JavaThread "Unknown thread" [_thread_in_vm, id=10364, stack(0x0000003a33400000,0x0000003a33500000)]

Stack: [0x0000003a33400000,0x0000003a33500000]
Native frames: (J=compiled Java code, j=interpreted, Vv=VM code, C=native code)
V  [jvm.dll+0x670baa]
V  [jvm.dll+0x7cfcb4]
V  [jvm.dll+0x7d145e]
V  [jvm.dll+0x7d1ac3]
V  [jvm.dll+0x242bc5]
V  [jvm.dll+0x66dac9]
V  [jvm.dll+0x662412]
V  [jvm.dll+0x300c0b]
V  [jvm.dll+0x3081a6]
V  [jvm.dll+0x357d0e]
V  [jvm.dll+0x357f3f]
V  [jvm.dll+0x2d7ec8]
V  [jvm.dll+0x2d8e34]
V  [jvm.dll+0x7a18c1]
V  [jvm.dll+0x365a91]
V  [jvm.dll+0x780d2c]
V  [jvm.dll+0x3e845f]
V  [jvm.dll+0x3e9f01]
C  [jli.dll+0x527b]
C  [ucrtbase.dll+0x21bb2]
C  [KERNEL32.DLL+0x17034]
C  [ntdll.dll+0x52651]


---------------  P R O C E S S  ---------------

Threads class SMR info:
_java_thread_list=0x00007ffe22c89858, length=0, elements={
}

Java Threads: ( => current thread )

Other Threads:
  0x0000020557490dc0 GCTaskThread "GC Thread#0" [stack: 0x0000003a33500000,0x0000003a33600000] [id=21068]
  0x00000205574a1b40 ConcurrentGCThread "G1 Main Marker" [stack: 0x0000003a33600000,0x0000003a33700000] [id=25332]
  0x00000205574a3d00 ConcurrentGCThread "G1 Conc#0" [stack: 0x0000003a33700000,0x0000003a33800000] [id=28560]

[error occurred during error reporting (printing all threads), id 0xc0000005, EXCEPTION_ACCESS_VIOLATION (0xc0000005) at pc=0x00007ffe224d88a7]

VM state: not at safepoint (not fully initialized)

VM Mutex/Monitor currently owned by a thread:  ([mutex/lock_event])
[0x000002055743acf0] Heap_lock - owner thread: 0x0000020557440450

Heap address: 0x0000000701c00000, size: 4068 MB, Compressed Oops mode: Zero based, Oop shift amount: 3

CDS archive(s) mapped at: [0x0000000000000000-0x0000000000000000-0x0000000000000000), size 0, SharedBaseAddress: 0x0000000800000000, ArchiveRelocationMode: 0.
Narrow klass base: 0x0000000000000000, Narrow klass shift: 0, Narrow klass range: 0x0

GC Precious Log:
<Empty>

Heap:
 garbage-first heap   total 0K, used 0K [0x0000000701c00000, 0x0000000800000000)
  region size 2048K, 0 young (0K), 0 survivors (0K)

[error occurred during error reporting (printing heap information), id 0xc0000005, EXCEPTION_ACCESS_VIOLATION (0xc0000005) at pc=0x00007ffe228b9f19]

GC Heap History (0 events):
No events

Deoptimization events (0 events):
No events

Classes unloaded (0 events):
No events

Classes redefined (0 events):
No events

Internal exceptions (0 events):
No events

VM Operations (0 events):
No events

Events (1 events):
Event: 0.007 Loaded shared library C:\Program Files\Java\jdk-17.0.2\bin\java.dll


Dynamic libraries:
0x00007ff71c7e0000 - 0x00007ff71c7f0000 	C:\Program Files\Java\jdk-17.0.2\bin\java.exe
0x00007ffea8cb0000 - 0x00007ffea8ea5000 	C:\WINDOWS\SYSTEM32\ntdll.dll
0x00007ffea8000000 - 0x00007ffea80be000 	C:\WINDOWS\System32\KERNEL32.DLL
0x00007ffea68d0000 - 0x00007ffea6b98000 	C:\WINDOWS\System32\KERNELBASE.dll
0x00007ffea6460000 - 0x00007ffea6560000 	C:\WINDOWS\System32\ucrtbase.dll
0x00007ffea17f0000 - 0x00007ffea180a000 	C:\Program Files\Java\jdk-17.0.2\bin\VCRUNTIME140.dll
0x00007ffe91d10000 - 0x00007ffe91d28000 	C:\Program Files\Java\jdk-17.0.2\bin\jli.dll
0x00007ffea70e0000 - 0x00007ffea718e000 	C:\WINDOWS\System32\ADVAPI32.dll
0x00007ffea8ba0000 - 0x00007ffea8c3e000 	C:\WINDOWS\System32\msvcrt.dll
0x00007ffea7da0000 - 0x00007ffea7e3c000 	C:\WINDOWS\System32\sechost.dll
0x00007ffea7bb0000 - 0x00007ffea7cd5000 	C:\WINDOWS\System32\RPCRT4.dll
0x00007ffea6d20000 - 0x00007ffea6ec0000 	C:\WINDOWS\System32\USER32.dll
0x00007ffe98e90000 - 0x00007ffe9912a000 	C:\WINDOWS\WinSxS\amd64_microsoft.windows.common-controls_6595b64144ccf1df_6.0.19041.1110_none_60b5254171f9507e\COMCTL32.dll
0x00007ffea6590000 - 0x00007ffea65b2000 	C:\WINDOWS\System32\win32u.dll
0x00007ffea8c40000 - 0x00007ffea8c6b000 	C:\WINDOWS\System32\GDI32.dll
0x00007ffea6ba0000 - 0x00007ffea6cad000 	C:\WINDOWS\System32\gdi32full.dll
0x00007ffea63c0000 - 0x00007ffea645d000 	C:\WINDOWS\System32\msvcp_win.dll
0x00007ffe9ef10000 - 0x00007ffe9ef1a000 	C:\WINDOWS\SYSTEM32\VERSION.dll
0x00007ffea7190000 - 0x00007ffea71c0000 	C:\WINDOWS\System32\IMM32.DLL
0x00007ffea04a0000 - 0x00007ffea04ac000 	C:\Program Files\Java\jdk-17.0.2\bin\vcruntime140_1.dll
0x00007ffe7f8b0000 - 0x00007ffe7f93d000 	C:\Program Files\Java\jdk-17.0.2\bin\msvcp140.dll
0x00007ffe221f0000 - 0x00007ffe22db1000 	C:\Program Files\Java\jdk-17.0.2\bin\server\jvm.dll
0x00007ffea7e40000 - 0x00007ffea7e48000 	C:\WINDOWS\System32\PSAPI.DLL
0x00007ffe8ff80000 - 0x00007ffe8ff89000 	C:\WINDOWS\SYSTEM32\WSOCK32.dll
0x00007ffe9bde0000 - 0x00007ffe9be07000 	C:\WINDOWS\SYSTEM32\WINMM.dll
0x00007ffea8770000 - 0x00007ffea87db000 	C:\WINDOWS\System32\WS2_32.dll
0x00007ffea4c00000 - 0x00007ffea4c12000 	C:\WINDOWS\SYSTEM32\kernel.appcore.dll
0x00007ffe91d00000 - 0x00007ffe91d0a000 	C:\Program Files\Java\jdk-17.0.2\bin\jimage.dll
0x00007ffea4160000 - 0x00007ffea4344000 	C:\WINDOWS\SYSTEM32\DBGHELP.DLL
0x00007ffe8d530000 - 0x00007ffe8d55c000 	C:\WINDOWS\SYSTEM32\dbgcore.DLL
0x00007ffea6840000 - 0x00007ffea68c2000 	C:\WINDOWS\System32\bcryptPrimitives.dll
0x00007ffe832e0000 - 0x00007ffe83305000 	C:\Program Files\Java\jdk-17.0.2\bin\java.dll

dbghelp: loaded successfully - version: 4.0.5 - missing functions: none
symbol engine: initialized successfully - sym options: 0x614 - pdb path: .;C:\Program Files\Java\jdk-17.0.2\bin;C:\WINDOWS\SYSTEM32;C:\WINDOWS\WinSxS\amd64_microsoft.windows.common-controls_6595b64144ccf1df_6.0.19041.1110_none_60b5254171f9507e;C:\Program Files\Java\jdk-17.0.2\bin\server

VM Arguments:
java_command: C:\Users\VIBIND~1\AppData\Local\Temp\surefire14444992100215130353\surefirebooter761183857632346159.jar C:\Users\Vibin Dominic\AppData\Local\Temp\surefire14444992100215130353 2022-02-21T01-15-59_614-jvmRun1 surefire14780209740200122537tmp surefire_013383456297878344413tmp
java_class_path (initial): C:\Users\VIBIND~1\AppData\Local\Temp\surefire14444992100215130353\surefirebooter761183857632346159.jar
Launcher Type: SUN_STANDARD

[Global flags]
     intx CICompilerCount                          = 4                                         {product} {ergonomic}
     uint ConcGCThreads                            = 2                                         {product} {ergonomic}
     uint G1ConcRefinementThreads                  = 8                                         {product} {ergonomic}
   size_t G1HeapRegionSize                         = 2097152                                   {product} {ergonomic}
    uintx GCDrainStackTargetSize                   = 64                                        {product} {ergonomic}
   size_t InitialHeapSize                          = 268435456                                 {product} {ergonomic}
   size_t MarkStackSize                            = 4194304                                   {product} {ergonomic}
   size_t MaxHeapSize                              = 4265607168                                {product} {ergonomic}
   size_t MinHeapDeltaBytes                        = 2097152                                   {product} {ergonomic}
   size_t MinHeapSize                              = 8388608                                   {product} {ergonomic}
    uintx NonNMethodCodeHeapSize                   = 5839372                                {pd product} {ergonomic}
    uintx NonProfiledCodeHeapSize                  = 122909434                              {pd product} {ergonomic}
    uintx ProfiledCodeHeapSize                     = 122909434                              {pd product} {ergonomic}
    uintx ReservedCodeCacheSize                    = 251658240                              {pd product} {ergonomic}
     bool SegmentedCodeCache                       = true                                      {product} {ergonomic}
   size_t SoftMaxHeapSize                          = 4265607168                             {manageable} {ergonomic}
     bool UseCompressedClassPointers               = true                           {product lp64_product} {ergonomic}
     bool UseCompressedOops                        = true                           {product lp64_product} {ergonomic}
     bool UseG1GC                                  = true                                      {product} {ergonomic}
     bool UseLargePagesIndividualAllocation        = false                                  {pd product} {ergonomic}

Logging:
Log output configuration:
 #0: stdout all=warning uptime,level,tags
 #1: stderr all=off uptime,level,tags

Environment Variables:
JAVA_HOME=C:\Program Files\Java\jdk-17.0.2
PATH=C:\Program Files (x86)\Intel\iCLS Client\;C:\Program Files\Intel\iCLS Client\;C:\Windows\system32;C:\Windows;C:\Windows\System32\Wbem;C:\Windows\System32\WindowsPowerShell\v1.0\;C:\Program Files (x86)\Intel\Intel(R) Management Engine Components\DAL;C:\Program Files\Intel\Intel(R) Management Engine Components\DAL;C:\Program Files (x86)\Intel\Intel(R) Management Engine Components\IPT;C:\Program Files\Intel\Intel(R) Management Engine Components\IPT;C:\Program Files (x86)\NVIDIA Corporation\PhysX\Common;C:\Program Files (x86)\PharosSystems\Core;C:\WINDOWS\system32;C:\WINDOWS;C:\WINDOWS\System32\Wbem;C:\WINDOWS\System32\WindowsPowerShell\v1.0\;C:\WINDOWS\System32\OpenSSH\;C:\Program Files (x86)\National Instruments\Shared\LabVIEW CLI;C:\Program Files (x86)\IVI Foundation\VISA\WinNT\Bin\;C:\Program Files\IVI Foundation\VISA\Win64\Bin\;C:\Program Files (x86)\IVI Foundation\VISA\WinNT\Bin;C:\Program Files\PuTTY\;C:\Program Files\Git\cmd;C:\Program Files\mingw-w64\x86_64-8.1.0-posix-seh-rt_v6-rev0\mingw64\bin;C:\Program Files\swipl\bin;C:\Users\Vibin Dominic\Downloads\apache-maven-3.8.4-bin\apache-maven-3.8.4\bin;C:\Program Files\Java\jdk-17.0.2\bin;C:\Program Files\nodejs;C:\Program Files\MySQL\MySQL Shell 8.0\bin\;C:\Users\Vibin Dominic\AppData\Local\Programs\Python\Python38-32\Scripts\;C:\Users\Vibin Dominic\AppData\Local\Programs\Python\Python38-32\;C:\Users\Vibin Dominic\AppData\Local\Microsoft\WindowsApps;C:\Users\Vibin Dominic\AppData\Local\GitHubDesktop\bin;C:\Users\Vibin Dominic\AppData\Local\atom\bin;C:\Users\Vibin Dominic\Desktop\Microsoft VS Code\bin;C:\Users\Vibin Dominic\AppData\Local\Microsoft\WindowsApps;C:\Users\Vibin Dominic\AppData\Local\gitkraken\bin;C:\Users\Vibin Dominic\sqlite-tools-win32-x86-3370200;C:\kafka_2.13-3.1.0\bin\windows;C:\Users\Vibin Dominic\AppData\Roaming\npm
USERNAME=Vibin Dominic
OS=Windows_NT
PROCESSOR_IDENTIFIER=Intel64 Family 6 Model 158 Stepping 9, GenuineIntel



---------------  S Y S T E M  ---------------

OS:
 Windows 10 , 64 bit Build 19041 (10.0.19041.1503)
OS uptime: 2 days 7:36 hours
Hyper-V role detected

CPU: total 8 (initial active 8) (4 cores per cpu, 2 threads per core) family 6 model 158 stepping 9 microcode 0xca, cx8, cmov, fxsr, ht, mmx, 3dnowpref, sse, sse2, sse3, ssse3, sse4.1, sse4.2, popcnt, lzcnt, tsc, tscinvbit, avx, avx2, aes, erms, clmul, bmi1, bmi2, adx, fma, vzeroupper, clflush, clflushopt, hv

Memory: 4k page, system-wide physical 16265M (3276M free)
TotalPageFile size 23726M (AvailPageFile size 212M)
current process WorkingSet (physical memory assigned to process): 10M, peak: 10M
current process commit charge ("private bytes"): 60M, peak: 316M

vm_info: Java HotSpot(TM) 64-Bit Server VM (17.0.2+8-LTS-86) for windows-amd64 JRE (17.0.2+8-LTS-86), built on Dec  7 2021 21:51:03 by "mach5one" with MS VC++ 16.8 / 16.9 (VS2019)

END.
